
> nyc-ops-center@0.1.0 dev
> next dev -p 4000

▲ Next.js 16.1.6 (Turbopack)
- Local:         http://localhost:4000
- Network:       http://192.168.2.22:4000
- Environments: .env.local

✓ Starting...
✓ Ready in 650ms
 GET / 200 in 380ms (compile: 260ms, render: 120ms)
Connecting with keypair authentication
Connecting with keypair authentication
Connecting with keypair authentication
Connecting with keypair authentication
Connecting with keypair authentication
Connecting with keypair authentication
 GET /api/thermal 200 in 4.1s (compile: 723ms, render: 3.4s)
 GET /api/traffic 200 in 4.7s (compile: 773ms, render: 4.0s)
 GET /api/weather 200 in 5.5s (compile: 755ms, render: 4.7s)
 GET /api/mta 200 in 5.7s (compile: 685ms, render: 5.0s)
 GET /api/air-quality 200 in 5.7s (compile: 704ms, render: 5.0s)
 GET /api/cameras 200 in 6.4s (compile: 736ms, render: 5.7s)
 GET /api/weather 200 in 480ms (compile: 5ms, render: 475ms)
 GET /api/thermal 200 in 549ms (compile: 35ms, render: 515ms)
 GET /api/air-quality 200 in 1197ms (compile: 1577µs, render: 1196ms)
 GET /api/traffic 200 in 1238ms (compile: 23ms, render: 1215ms)
 GET /api/cameras 200 in 1509ms (compile: 33ms, render: 1476ms)
 GET /api/mta 200 in 2.2s (compile: 6ms, render: 2.2s)
 GET /api/traffic 200 in 799ms (compile: 973µs, render: 798ms)
 GET /api/air-quality 200 in 1390ms (compile: 6ms, render: 1384ms)
 GET /api/weather 200 in 1852ms (compile: 10ms, render: 1842ms)
 GET /api/thermal 200 in 2.1s (compile: 6ms, render: 2.1s)
 GET /api/cameras 200 in 2.9s (compile: 2ms, render: 2.9s)
 GET /api/mta 200 in 3.3s (compile: 12ms, render: 3.3s)
 GET /api/air-quality 200 in 351ms (compile: 5ms, render: 346ms)
 GET /api/weather 200 in 461ms (compile: 8ms, render: 453ms)
 GET /api/thermal 200 in 509ms (compile: 2ms, render: 506ms)
 GET /api/traffic 200 in 528ms (compile: 4ms, render: 524ms)
 GET /api/cameras 200 in 1018ms (compile: 5ms, render: 1013ms)
 GET /api/mta 200 in 1502ms (compile: 5ms, render: 1497ms)
 GET /api/weather 200 in 28ms (compile: 1889µs, render: 26ms)
 GET /api/cameras 200 in 29ms (compile: 6ms, render: 23ms)
 GET /api/air-quality 200 in 29ms (compile: 9ms, render: 20ms)
 GET /api/traffic 200 in 407ms (compile: 16ms, render: 390ms)
 GET /api/thermal 200 in 424ms (compile: 7ms, render: 417ms)
 GET /api/mta 200 in 1369ms (compile: 19ms, render: 1351ms)
 GET /api/traffic 200 in 2.1s (compile: 5ms, render: 2.1s)
 GET /api/thermal 200 in 2.1s (compile: 7ms, render: 2.1s)
 GET /api/weather 200 in 2.2s (compile: 17ms, render: 2.2s)
 GET /api/air-quality 200 in 2.5s (compile: 15ms, render: 2.5s)
 GET /api/cameras 200 in 3.8s (compile: 7ms, render: 3.8s)
 GET /api/mta 200 in 4.0s (compile: 4ms, render: 4.0s)
 GET /api/weather 200 in 26ms (compile: 4ms, render: 22ms)
 GET /api/air-quality 200 in 25ms (compile: 7ms, render: 18ms)
 GET /api/thermal 200 in 393ms (compile: 16ms, render: 378ms)
 GET /api/traffic 200 in 391ms (compile: 27ms, render: 364ms)
 GET /api/cameras 200 in 1160ms (compile: 27ms, render: 1133ms)
 GET /api/mta 200 in 1291ms (compile: 1830µs, render: 1289ms)
 GET /api/air-quality 200 in 434ms (compile: 11ms, render: 423ms)
 GET /api/weather 200 in 435ms (compile: 24ms, render: 412ms)
 GET /api/traffic 200 in 400ms (compile: 28ms, render: 371ms)
 GET /api/thermal 200 in 415ms (compile: 9ms, render: 405ms)
 GET /api/cameras 200 in 1620ms (compile: 25ms, render: 1596ms)
 GET /api/mta 200 in 2.0s (compile: 11ms, render: 2.0s)
 GET /api/traffic 200 in 382ms (compile: 20ms, render: 362ms)
 GET /api/thermal 200 in 433ms (compile: 12ms, render: 421ms)
 GET /api/weather 200 in 463ms (compile: 18ms, render: 445ms)
 GET /api/air-quality 200 in 494ms (compile: 21ms, render: 473ms)
 GET /api/cameras 200 in 1224ms (compile: 17ms, render: 1207ms)
 GET /api/mta 200 in 1415ms (compile: 26ms, render: 1390ms)
 GET /api/weather 200 in 21ms (compile: 2ms, render: 18ms)
 GET /api/cameras 200 in 16ms (compile: 4ms, render: 11ms)
 GET /api/air-quality 200 in 21ms (compile: 6ms, render: 14ms)
 GET /api/thermal 200 in 1899ms (compile: 10ms, render: 1889ms)
 GET /api/traffic 200 in 2.6s (compile: 4ms, render: 2.6s)
 GET /api/mta 200 in 3.4s (compile: 26ms, render: 3.3s)
 GET /api/traffic 200 in 336ms (compile: 5ms, render: 331ms)
 GET /api/weather 200 in 444ms (compile: 85ms, render: 359ms)
 GET /api/air-quality 200 in 482ms (compile: 20ms, render: 462ms)
 GET /api/thermal 200 in 446ms (compile: 2ms, render: 444ms)
 GET /api/cameras 200 in 1373ms (compile: 10ms, render: 1363ms)
 GET /api/mta 200 in 1437ms (compile: 7ms, render: 1431ms)
 GET /api/traffic 200 in 350ms (compile: 3ms, render: 347ms)
 GET /api/thermal 200 in 437ms (compile: 4ms, render: 432ms)
 GET /api/weather 200 in 436ms (compile: 7ms, render: 429ms)
 GET /api/air-quality 200 in 654ms (compile: 1448µs, render: 653ms)
 GET /api/cameras 200 in 1078ms (compile: 7ms, render: 1071ms)
 GET /api/mta 200 in 1304ms (compile: 13ms, render: 1292ms)
 GET /api/thermal 200 in 2.2s (compile: 10ms, render: 2.1s)
 GET /api/air-quality 200 in 2.3s (compile: 7ms, render: 2.3s)
 GET /api/traffic 200 in 2.6s (compile: 24ms, render: 2.6s)
 GET /api/weather 200 in 2.7s (compile: 28ms, render: 2.7s)
 GET /api/mta 200 in 3.5s (compile: 11ms, render: 3.5s)
 GET /api/cameras 200 in 4.0s (compile: 26ms, render: 4.0s)
 GET /api/air-quality 200 in 67ms (compile: 1306µs, render: 66ms)
 GET /api/weather 200 in 64ms (compile: 1938µs, render: 62ms)
 GET /api/thermal 200 in 428ms (compile: 13ms, render: 415ms)
 GET /api/traffic 200 in 479ms (compile: 5ms, render: 474ms)
 GET /api/cameras 200 in 1171ms (compile: 21ms, render: 1149ms)
 GET /api/mta 200 in 1410ms (compile: 24ms, render: 1387ms)
 GET /api/weather 200 in 2.3s (compile: 19ms, render: 2.3s)
 GET /api/traffic 200 in 2.3s (compile: 10ms, render: 2.3s)
 GET /api/air-quality 200 in 2.6s (compile: 12ms, render: 2.6s)
 GET /api/thermal 200 in 2.8s (compile: 18ms, render: 2.8s)
 GET /api/cameras 200 in 3.4s (compile: 1152µs, render: 3.4s)
 GET /api/mta 200 in 3.6s (compile: 12ms, render: 3.6s)
 GET /api/thermal 200 in 336ms (compile: 10ms, render: 325ms)
 GET /api/air-quality 200 in 313ms (compile: 3ms, render: 309ms)
 GET /api/weather 200 in 394ms (compile: 4ms, render: 390ms)
 GET /api/cameras 200 in 972ms (compile: 5ms, render: 967ms)
 GET /api/traffic 200 in 1027ms (compile: 37ms, render: 990ms)
 GET /api/mta 200 in 1347ms (compile: 47ms, render: 1299ms)
 GET /api/air-quality 200 in 310ms (compile: 13ms, render: 298ms)
 GET /api/thermal 200 in 422ms (compile: 37ms, render: 385ms)
 GET /api/weather 200 in 350ms (compile: 12ms, render: 339ms)
 GET /api/traffic 200 in 354ms (compile: 16ms, render: 338ms)
 GET /api/cameras 200 in 1162ms (compile: 27ms, render: 1134ms)
 GET /api/mta 200 in 1306ms (compile: 42ms, render: 1265ms)
 GET /api/air-quality 200 in 52ms (compile: 18ms, render: 34ms)
 GET /api/weather 200 in 53ms (compile: 41ms, render: 12ms)
 GET /api/thermal 200 in 359ms (compile: 3ms, render: 356ms)
 GET /api/traffic 200 in 421ms (compile: 12ms, render: 409ms)
 GET /api/cameras 200 in 1062ms (compile: 8ms, render: 1054ms)
 GET /api/mta 200 in 1241ms (compile: 9ms, render: 1232ms)
 GET /api/weather 200 in 314ms (compile: 8ms, render: 306ms)
 GET /api/thermal 200 in 333ms (compile: 6ms, render: 327ms)
 GET /api/traffic 200 in 329ms (compile: 6ms, render: 324ms)
 GET /api/air-quality 200 in 347ms (compile: 5ms, render: 342ms)
 GET /api/mta 200 in 1317ms (compile: 1644µs, render: 1316ms)
 GET /api/cameras 200 in 1319ms (compile: 1876µs, render: 1317ms)
 GET /api/weather 200 in 62ms (compile: 4ms, render: 58ms)
 GET /api/cameras 200 in 67ms (compile: 1314µs, render: 66ms)
 GET /api/air-quality 200 in 64ms (compile: 1366µs, render: 62ms)
 GET /api/thermal 200 in 2.1s (compile: 13ms, render: 2.1s)
 GET /api/traffic 200 in 2.3s (compile: 6ms, render: 2.3s)
 GET /api/mta 200 in 4.0s (compile: 31ms, render: 4.0s)
 GET /api/thermal 200 in 337ms (compile: 19ms, render: 318ms)
 GET /api/traffic 200 in 363ms (compile: 1455µs, render: 362ms)
 GET /api/air-quality 200 in 759ms (compile: 26ms, render: 734ms)
 GET /api/weather 200 in 785ms (compile: 11ms, render: 774ms)
 GET /api/cameras 200 in 1162ms (compile: 14ms, render: 1148ms)
 GET /api/mta 200 in 1229ms (compile: 6ms, render: 1223ms)
 GET /api/air-quality 200 in 361ms (compile: 2ms, render: 358ms)
 GET /api/traffic 200 in 386ms (compile: 1371µs, render: 385ms)
 GET /api/thermal 200 in 453ms (compile: 6ms, render: 447ms)
 GET /api/weather 200 in 418ms (compile: 6ms, render: 413ms)
 GET /api/cameras 200 in 1214ms (compile: 13ms, render: 1201ms)
 GET /api/mta 200 in 1301ms (compile: 14ms, render: 1287ms)
 GET /api/cameras 200 in 30ms (compile: 5ms, render: 25ms)
 GET /api/air-quality 200 in 27ms (compile: 13ms, render: 14ms)
 GET /api/weather 200 in 26ms (compile: 24ms, render: 2ms)
 GET /api/thermal 200 in 393ms (compile: 7ms, render: 385ms)
 GET /api/traffic 200 in 406ms (compile: 2ms, render: 404ms)
 GET /api/mta 200 in 1297ms (compile: 12ms, render: 1285ms)
 GET /api/thermal 200 in 384ms (compile: 1827µs, render: 382ms)
 GET /api/weather 200 in 418ms (compile: 20ms, render: 398ms)
 GET /api/traffic 200 in 395ms (compile: 20ms, render: 375ms)
 GET /api/air-quality 200 in 533ms (compile: 18ms, render: 515ms)
 GET /api/cameras 200 in 1092ms (compile: 9ms, render: 1083ms)
 GET /api/mta 200 in 1143ms (compile: 27ms, render: 1115ms)
 GET /api/air-quality 200 in 27ms (compile: 8ms, render: 19ms)
 GET /api/weather 200 in 29ms (compile: 1369µs, render: 27ms)
 GET /api/cameras 200 in 28ms (compile: 4ms, render: 25ms)
 GET /api/traffic 200 in 1829ms (compile: 12ms, render: 1816ms)
 GET /api/thermal 200 in 2.4s (compile: 21ms, render: 2.3s)
 GET /api/mta 200 in 3.8s (compile: 23ms, render: 3.8s)
 GET /api/thermal 200 in 301ms (compile: 6ms, render: 295ms)
 GET /api/traffic 200 in 331ms (compile: 7ms, render: 324ms)
 GET /api/weather 200 in 493ms (compile: 21ms, render: 472ms)
 GET /api/air-quality 200 in 645ms (compile: 19ms, render: 626ms)
 GET /api/cameras 200 in 1491ms (compile: 17ms, render: 1475ms)
 GET /api/mta 200 in 1532ms (compile: 6ms, render: 1526ms)
 GET /api/thermal 200 in 384ms (compile: 16ms, render: 367ms)
 GET /api/traffic 200 in 366ms (compile: 20ms, render: 346ms)
 GET /api/air-quality 200 in 447ms (compile: 3ms, render: 444ms)
 GET /api/weather 200 in 444ms (compile: 6ms, render: 438ms)
 GET /api/cameras 200 in 1143ms (compile: 12ms, render: 1131ms)
 GET /api/mta 200 in 1285ms (compile: 8ms, render: 1277ms)
 GET /api/thermal 200 in 431ms (compile: 9ms, render: 422ms)
 GET /api/weather 200 in 397ms (compile: 1395µs, render: 396ms)
 GET /api/air-quality 200 in 647ms (compile: 6ms, render: 641ms)
 GET /api/traffic 200 in 991ms (compile: 50ms, render: 941ms)
 GET /api/cameras 200 in 1156ms (compile: 47ms, render: 1110ms)
 GET /api/mta 200 in 1329ms (compile: 43ms, render: 1286ms)
 GET /api/traffic 200 in 348ms (compile: 9ms, render: 339ms)
 GET /api/thermal 200 in 410ms (compile: 17ms, render: 393ms)
 GET /api/weather 200 in 447ms (compile: 5ms, render: 442ms)
 GET /api/air-quality 200 in 569ms (compile: 5ms, render: 564ms)
 GET /api/cameras 200 in 1208ms (compile: 1911µs, render: 1206ms)
 GET /api/mta 200 in 1549ms (compile: 16ms, render: 1533ms)
 GET /api/cameras 200 in 40ms (compile: 1815µs, render: 39ms)
 GET /api/weather 200 in 41ms (compile: 12ms, render: 29ms)
 GET /api/air-quality 200 in 41ms (compile: 36ms, render: 4ms)
 GET /api/traffic 200 in 1394ms (compile: 10ms, render: 1384ms)
 GET /api/thermal 200 in 2.2s (compile: 5ms, render: 2.2s)
 GET /api/mta 200 in 3.2s (compile: 4ms, render: 3.2s)
 GET /api/thermal 200 in 306ms (compile: 30ms, render: 276ms)
 GET /api/air-quality 200 in 308ms (compile: 15ms, render: 293ms)
 GET /api/weather 200 in 395ms (compile: 26ms, render: 368ms)
 GET /api/traffic 200 in 406ms (compile: 32ms, render: 374ms)
 GET /api/cameras 200 in 1190ms (compile: 4ms, render: 1186ms)
 GET /api/mta 200 in 1266ms (compile: 35ms, render: 1231ms)
 GET /api/weather 200 in 17ms (compile: 1147µs, render: 16ms)
 GET /api/air-quality 200 in 17ms (compile: 3ms, render: 14ms)
 GET /api/cameras 200 in 27ms (compile: 3ms, render: 25ms)
 GET /api/thermal 200 in 344ms (compile: 1619µs, render: 343ms)
 GET /api/traffic 200 in 420ms (compile: 4ms, render: 415ms)
 GET /api/mta 200 in 1233ms (compile: 4ms, render: 1229ms)
 GET /api/air-quality 200 in 325ms (compile: 23ms, render: 302ms)
 GET /api/traffic 200 in 261ms (compile: 3ms, render: 259ms)
 GET /api/weather 200 in 385ms (compile: 35ms, render: 350ms)
 GET /api/thermal 200 in 671ms (compile: 30ms, render: 641ms)
 GET /api/cameras 200 in 1210ms (compile: 6ms, render: 1204ms)
 GET /api/mta 200 in 1231ms (compile: 7ms, render: 1224ms)
 GET /api/air-quality 200 in 357ms (compile: 4ms, render: 353ms)
 GET /api/weather 200 in 358ms (compile: 3ms, render: 355ms)
 GET /api/thermal 200 in 529ms (compile: 81ms, render: 448ms)
 GET /api/traffic 200 in 727ms (compile: 22ms, render: 706ms)
 GET /api/cameras 200 in 1217ms (compile: 44ms, render: 1174ms)
 GET /api/mta 200 in 1346ms (compile: 3ms, render: 1342ms)
 GET /api/weather 200 in 22ms (compile: 3ms, render: 19ms)
 GET /api/traffic 200 in 31ms (compile: 1373µs, render: 30ms)
 GET /api/cameras 200 in 31ms (compile: 5ms, render: 26ms)
 GET /api/air-quality 200 in 24ms (compile: 1136µs, render: 23ms)
 GET /api/thermal 200 in 1753ms (compile: 56ms, render: 1697ms)
 GET /api/mta 200 in 3.9s (compile: 76ms, render: 3.8s)
 GET /api/air-quality 200 in 473ms (compile: 111ms, render: 361ms)
 GET /api/weather 200 in 474ms (compile: 113ms, render: 360ms)
 GET /api/thermal 200 in 363ms (compile: 857µs, render: 363ms)
 GET /api/traffic 200 in 401ms (compile: 6ms, render: 395ms)
 GET /api/cameras 200 in 1240ms (compile: 21ms, render: 1220ms)
 GET /api/mta 200 in 1210ms (compile: 4ms, render: 1206ms)
 GET /api/weather 200 in 265ms (compile: 1386µs, render: 264ms)
 GET /api/thermal 200 in 353ms (compile: 5ms, render: 347ms)
 GET /api/traffic 200 in 360ms (compile: 27ms, render: 333ms)
 GET /api/air-quality 200 in 386ms (compile: 7ms, render: 378ms)
 GET /api/cameras 200 in 990ms (compile: 1422µs, render: 988ms)
 GET /api/mta 200 in 1122ms (compile: 37ms, render: 1085ms)
 GET /api/thermal 200 in 321ms (compile: 25ms, render: 296ms)
 GET /api/traffic 200 in 340ms (compile: 17ms, render: 323ms)
 GET /api/air-quality 200 in 372ms (compile: 5ms, render: 367ms)
 GET /api/weather 200 in 403ms (compile: 1461µs, render: 402ms)
 GET /api/cameras 200 in 1035ms (compile: 4ms, render: 1030ms)
 GET /api/mta 200 in 1258ms (compile: 3ms, render: 1255ms)
 GET /api/weather 200 in 360ms (compile: 1793µs, render: 358ms)
 GET /api/air-quality 200 in 376ms (compile: 5ms, render: 371ms)
 GET /api/traffic 200 in 496ms (compile: 18ms, render: 478ms)
 GET /api/thermal 200 in 515ms (compile: 70ms, render: 445ms)
 GET /api/cameras 200 in 1126ms (compile: 11ms, render: 1115ms)
 GET /api/mta 200 in 1369ms (compile: 77ms, render: 1292ms)
 GET /api/traffic 200 in 1628ms (compile: 22ms, render: 1606ms)
 GET /api/thermal 200 in 1694ms (compile: 2ms, render: 1692ms)
 GET /api/air-quality 200 in 1931ms (compile: 11ms, render: 1920ms)
 GET /api/weather 200 in 2.2s (compile: 7ms, render: 2.2s)
 GET /api/cameras 200 in 3.5s (compile: 4ms, render: 3.5s)
 GET /api/mta 200 in 3.7s (compile: 50ms, render: 3.6s)
 GET /api/thermal 200 in 353ms (compile: 14ms, render: 339ms)
 GET /api/traffic 200 in 396ms (compile: 39ms, render: 356ms)
 GET /api/air-quality 200 in 910ms (compile: 34ms, render: 876ms)
 GET /api/weather 200 in 927ms (compile: 34ms, render: 892ms)
 GET /api/cameras 200 in 1074ms (compile: 23ms, render: 1051ms)
 GET /api/mta 200 in 1221ms (compile: 48ms, render: 1173ms)
 GET /api/thermal 200 in 336ms (compile: 13ms, render: 322ms)
 GET /api/traffic 200 in 402ms (compile: 31ms, render: 371ms)
 GET /api/weather 200 in 333ms (compile: 3ms, render: 330ms)
 GET /api/air-quality 200 in 351ms (compile: 9ms, render: 342ms)
 GET /api/cameras 200 in 997ms (compile: 14ms, render: 983ms)
 GET /api/mta 200 in 1124ms (compile: 3ms, render: 1121ms)
 GET /api/weather 200 in 333ms (compile: 11ms, render: 321ms)
 GET /api/air-quality 200 in 345ms (compile: 9ms, render: 336ms)
 GET /api/traffic 200 in 408ms (compile: 9ms, render: 399ms)
 GET /api/thermal 200 in 497ms (compile: 15ms, render: 482ms)
 GET /api/cameras 200 in 1016ms (compile: 2ms, render: 1014ms)
 GET /api/mta 200 in 1270ms (compile: 23ms, render: 1247ms)
 GET /api/thermal 200 in 305ms (compile: 8ms, render: 297ms)
 GET /api/weather 200 in 284ms (compile: 21ms, render: 263ms)
 GET /api/air-quality 200 in 288ms (compile: 12ms, render: 276ms)
 GET /api/traffic 200 in 405ms (compile: 13ms, render: 391ms)
 GET /api/cameras 200 in 387ms (compile: 6ms, render: 382ms)
 GET /api/mta 200 in 1311ms (compile: 17ms, render: 1294ms)
 GET /api/thermal 200 in 2.5s (compile: 15ms, render: 2.5s)
 GET /api/air-quality 200 in 3.0s (compile: 4ms, render: 3.0s)
 GET /api/traffic 200 in 3.2s (compile: 80ms, render: 3.2s)
 GET /api/weather 200 in 3.3s (compile: 6ms, render: 3.3s)
 GET /api/cameras 200 in 5.1s (compile: 97ms, render: 5.0s)
 GET /api/mta 200 in 5.1s (compile: 74ms, render: 5.0s)
 GET /api/thermal 200 in 63ms (compile: 4ms, render: 59ms)
 GET /api/traffic 200 in 82ms (compile: 3ms, render: 80ms)
 GET /api/cameras 200 in 82ms (compile: 7ms, render: 75ms)
 GET /api/air-quality 200 in 81ms (compile: 14ms, render: 67ms)
 GET /api/weather 200 in 71ms (compile: 8ms, render: 63ms)
 GET /api/mta 200 in 1317ms (compile: 12ms, render: 1305ms)
 GET /api/weather 200 in 322ms (compile: 10ms, render: 312ms)
 GET /api/traffic 200 in 338ms (compile: 5ms, render: 333ms)
 GET /api/thermal 200 in 466ms (compile: 16ms, render: 450ms)
 GET /api/air-quality 200 in 628ms (compile: 21ms, render: 608ms)
 GET /api/cameras 200 in 1162ms (compile: 21ms, render: 1141ms)
 GET /api/mta 200 in 1346ms (compile: 4ms, render: 1343ms)
 GET /api/traffic 200 in 299ms (compile: 6ms, render: 292ms)
 GET /api/air-quality 200 in 293ms (compile: 1266µs, render: 292ms)
 GET /api/weather 200 in 298ms (compile: 4ms, render: 294ms)
 GET /api/thermal 200 in 460ms (compile: 12ms, render: 447ms)
 GET /api/mta 200 in 1248ms (compile: 26ms, render: 1222ms)
 GET /api/cameras 200 in 1394ms (compile: 22ms, render: 1372ms)
 GET /api/thermal 200 in 300ms (compile: 4ms, render: 297ms)
 GET /api/traffic 200 in 301ms (compile: 7ms, render: 294ms)
 GET /api/air-quality 200 in 357ms (compile: 2ms, render: 355ms)
 GET /api/weather 200 in 495ms (compile: 4ms, render: 492ms)
 GET /api/cameras 200 in 1003ms (compile: 5ms, render: 998ms)
 GET /api/mta 200 in 1100ms (compile: 4ms, render: 1096ms)
 GET /api/air-quality 200 in 1830ms (compile: 3ms, render: 1827ms)
 GET /api/traffic 200 in 2.0s (compile: 4ms, render: 2.0s)
 GET /api/weather 200 in 2.3s (compile: 4ms, render: 2.3s)
 GET /api/thermal 200 in 2.5s (compile: 11ms, render: 2.5s)
 GET /api/cameras 200 in 3.2s (compile: 8ms, render: 3.2s)
 GET /api/mta 200 in 3.4s (compile: 7ms, render: 3.4s)
 GET /api/traffic 200 in 314ms (compile: 6ms, render: 308ms)
 GET /api/weather 200 in 329ms (compile: 6ms, render: 323ms)
 GET /api/thermal 200 in 373ms (compile: 4ms, render: 369ms)
 GET /api/air-quality 200 in 374ms (compile: 11ms, render: 362ms)
 GET /api/cameras 200 in 1133ms (compile: 14ms, render: 1118ms)
 GET /api/mta 200 in 1204ms (compile: 4ms, render: 1200ms)
 GET /api/thermal 200 in 345ms (compile: 14ms, render: 331ms)
 GET /api/traffic 200 in 350ms (compile: 9ms, render: 341ms)
 GET /api/weather 200 in 306ms (compile: 4ms, render: 302ms)
 GET /api/air-quality 200 in 369ms (compile: 2ms, render: 367ms)
 GET /api/cameras 200 in 1133ms (compile: 3ms, render: 1130ms)
 GET /api/mta 200 in 1223ms (compile: 14ms, render: 1209ms)
 GET /api/air-quality 200 in 851ms (compile: 7ms, render: 844ms)
 GET /api/traffic 200 in 898ms (compile: 2ms, render: 896ms)
 GET /api/thermal 200 in 980ms (compile: 12ms, render: 968ms)
 GET /api/weather 200 in 946ms (compile: 1562µs, render: 944ms)
 GET /api/cameras 200 in 1642ms (compile: 1834µs, render: 1640ms)
 GET /api/mta 200 in 2.4s (compile: 4ms, render: 2.4s)
 GET /api/air-quality 200 in 419ms (compile: 2ms, render: 417ms)
 GET /api/weather 200 in 427ms (compile: 4ms, render: 423ms)
 GET /api/thermal 200 in 534ms (compile: 14ms, render: 520ms)
 GET /api/traffic 200 in 1123ms (compile: 5ms, render: 1118ms)
 GET /api/cameras 200 in 1240ms (compile: 64ms, render: 1176ms)
 GET /api/mta 200 in 1342ms (compile: 7ms, render: 1335ms)
 GET /api/air-quality 200 in 27ms (compile: 1834µs, render: 25ms)
 GET /api/weather 200 in 26ms (compile: 4ms, render: 22ms)
 GET /api/traffic 200 in 2.1s (compile: 23ms, render: 2.0s)
 GET /api/thermal 200 in 2.3s (compile: 5ms, render: 2.3s)
 GET /api/cameras 200 in 3.6s (compile: 29ms, render: 3.6s)
 GET /api/mta 200 in 4.5s (compile: 34ms, render: 4.5s)
 GET /api/weather 200 in 409ms (compile: 10ms, render: 399ms)
 GET /api/air-quality 200 in 488ms (compile: 4ms, render: 484ms)
 GET /api/traffic 200 in 464ms (compile: 3ms, render: 461ms)
 GET /api/thermal 200 in 572ms (compile: 25ms, render: 547ms)
 GET /api/cameras 200 in 1183ms (compile: 28ms, render: 1154ms)
 GET /api/mta 200 in 1482ms (compile: 17ms, render: 1464ms)
 GET /api/thermal 200 in 332ms (compile: 3ms, render: 329ms)
 GET /api/weather 200 in 335ms (compile: 873µs, render: 334ms)
 GET /api/traffic 200 in 385ms (compile: 12ms, render: 373ms)
 GET /api/air-quality 200 in 413ms (compile: 1243µs, render: 412ms)
 GET /api/cameras 200 in 1135ms (compile: 2ms, render: 1133ms)
 GET /api/mta 200 in 1264ms (compile: 24ms, render: 1240ms)
 GET /api/traffic 200 in 332ms (compile: 28ms, render: 304ms)
 GET /api/thermal 200 in 369ms (compile: 3ms, render: 366ms)
 GET /api/weather 200 in 328ms (compile: 2ms, render: 326ms)
 GET /api/air-quality 200 in 339ms (compile: 3ms, render: 335ms)
 GET /api/cameras 200 in 1164ms (compile: 1232µs, render: 1162ms)
 GET /api/mta 200 in 1279ms (compile: 24ms, render: 1255ms)
 GET /api/thermal 200 in 342ms (compile: 8ms, render: 334ms)
 GET /api/traffic 200 in 392ms (compile: 29ms, render: 363ms)
 GET /api/weather 200 in 367ms (compile: 11ms, render: 356ms)
 GET /api/air-quality 200 in 538ms (compile: 6ms, render: 532ms)
 GET /api/cameras 200 in 1179ms (compile: 20ms, render: 1160ms)
 GET /api/mta 200 in 1323ms (compile: 24ms, render: 1299ms)
 GET /api/traffic 200 in 1722ms (compile: 23ms, render: 1699ms)
 GET /api/weather 200 in 1772ms (compile: 8ms, render: 1764ms)
 GET /api/thermal 200 in 2.6s (compile: 16ms, render: 2.6s)
 GET /api/air-quality 200 in 2.7s (compile: 3ms, render: 2.7s)
 GET /api/cameras 200 in 3.6s (compile: 1242µs, render: 3.6s)
 GET /api/mta 200 in 3.8s (compile: 31ms, render: 3.8s)
 GET /api/thermal 200 in 731ms (compile: 8ms, render: 722ms)
 GET /api/traffic 200 in 759ms (compile: 39ms, render: 721ms)
 GET /api/weather 200 in 766ms (compile: 29ms, render: 737ms)
 GET /api/air-quality 200 in 782ms (compile: 18ms, render: 765ms)
 GET /api/cameras 200 in 1591ms (compile: 27ms, render: 1564ms)
 GET /api/mta 200 in 1974ms (compile: 3ms, render: 1971ms)
 GET /api/traffic 200 in 375ms (compile: 5ms, render: 370ms)
 GET /api/air-quality 200 in 387ms (compile: 1620µs, render: 385ms)
 GET /api/weather 200 in 549ms (compile: 7ms, render: 542ms)
 GET /api/thermal 200 in 573ms (compile: 5ms, render: 568ms)
 GET /api/cameras 200 in 1086ms (compile: 3ms, render: 1083ms)
 GET /api/mta 200 in 1477ms (compile: 14ms, render: 1463ms)
 GET /api/weather 200 in 65ms (compile: 5ms, render: 60ms)
 GET /api/cameras 200 in 71ms (compile: 7ms, render: 64ms)
 GET /api/air-quality 200 in 62ms (compile: 5ms, render: 57ms)
 GET /api/thermal 200 in 369ms (compile: 24ms, render: 345ms)
 GET /api/traffic 200 in 438ms (compile: 31ms, render: 407ms)
 GET /api/mta 200 in 2.8s (compile: 4ms, render: 2.7s)
 GET /api/thermal 200 in 399ms (compile: 12ms, render: 387ms)
 GET /api/traffic 200 in 386ms (compile: 1073µs, render: 385ms)
 GET /api/weather 200 in 422ms (compile: 19ms, render: 403ms)
 GET /api/air-quality 200 in 473ms (compile: 16ms, render: 457ms)
 GET /api/cameras 200 in 1138ms (compile: 7ms, render: 1131ms)
 GET /api/mta 200 in 1272ms (compile: 4ms, render: 1268ms)
 GET /api/weather 200 in 2.0s (compile: 6ms, render: 1999ms)
 GET /api/thermal 200 in 2.2s (compile: 2ms, render: 2.2s)
 GET /api/air-quality 200 in 2.7s (compile: 12ms, render: 2.7s)
 GET /api/traffic 200 in 3.5s (compile: 915µs, render: 3.5s)
 GET /api/cameras 200 in 3.6s (compile: 6ms, render: 3.5s)
 GET /api/mta 200 in 3.6s (compile: 8ms, render: 3.6s)
 GET /api/thermal 200 in 359ms (compile: 11ms, render: 347ms)
 GET /api/weather 200 in 306ms (compile: 7ms, render: 299ms)
 GET /api/traffic 200 in 397ms (compile: 74ms, render: 323ms)
 GET /api/air-quality 200 in 456ms (compile: 3ms, render: 453ms)
 GET /api/cameras 200 in 1111ms (compile: 28ms, render: 1082ms)
 GET /api/mta 200 in 1176ms (compile: 14ms, render: 1162ms)
 GET /api/thermal 200 in 353ms (compile: 30ms, render: 324ms)
 GET /api/air-quality 200 in 289ms (compile: 1116µs, render: 288ms)
 GET /api/traffic 200 in 439ms (compile: 112ms, render: 327ms)
 GET /api/weather 200 in 338ms (compile: 7ms, render: 330ms)
 GET /api/cameras 200 in 1460ms (compile: 73ms, render: 1387ms)
 GET /api/mta 200 in 1410ms (compile: 15ms, render: 1395ms)
 GET /api/air-quality 200 in 358ms (compile: 23ms, render: 335ms)
 GET /api/thermal 200 in 427ms (compile: 22ms, render: 405ms)
 GET /api/traffic 200 in 420ms (compile: 12ms, render: 408ms)
 GET /api/weather 200 in 393ms (compile: 3ms, render: 391ms)
 GET /api/cameras 200 in 2.1s (compile: 13ms, render: 2.0s)
 GET /api/mta 200 in 2.3s (compile: 13ms, render: 2.3s)
 GET /api/thermal 200 in 1972ms (compile: 10ms, render: 1961ms)
 GET /api/traffic 200 in 2.3s (compile: 10ms, render: 2.3s)
 GET /api/weather 200 in 2.6s (compile: 5ms, render: 2.6s)
 GET /api/air-quality 200 in 3.0s (compile: 1358µs, render: 3.0s)
 GET /api/mta 200 in 3.6s (compile: 5ms, render: 3.6s)
 GET /api/cameras 200 in 3.7s (compile: 7ms, render: 3.6s)
 GET /api/air-quality 200 in 336ms (compile: 4ms, render: 333ms)
 GET /api/traffic 200 in 343ms (compile: 1809µs, render: 341ms)
 GET /api/weather 200 in 393ms (compile: 4ms, render: 390ms)
 GET /api/thermal 200 in 433ms (compile: 1432µs, render: 431ms)
 GET /api/cameras 200 in 1325ms (compile: 5ms, render: 1320ms)
 GET /api/mta 200 in 1500ms (compile: 11ms, render: 1489ms)
 GET /api/air-quality 200 in 59ms (compile: 4ms, render: 55ms)
 GET /api/cameras 200 in 80ms (compile: 15ms, render: 65ms)
 GET /api/weather 200 in 66ms (compile: 6ms, render: 60ms)
 GET /api/traffic 200 in 381ms (compile: 6ms, render: 375ms)
 GET /api/thermal 200 in 663ms (compile: 22ms, render: 642ms)
 GET /api/mta 200 in 1403ms (compile: 7ms, render: 1396ms)
 GET /api/traffic 200 in 322ms (compile: 10ms, render: 313ms)
 GET /api/thermal 200 in 341ms (compile: 28ms, render: 314ms)
 GET /api/weather 200 in 455ms (compile: 21ms, render: 434ms)
 GET /api/air-quality 200 in 520ms (compile: 48ms, render: 472ms)
 GET /api/cameras 200 in 1060ms (compile: 7ms, render: 1053ms)
 GET /api/mta 200 in 1250ms (compile: 26ms, render: 1224ms)
 GET /api/air-quality 200 in 65ms (compile: 14ms, render: 51ms)
 GET /api/weather 200 in 57ms (compile: 13ms, render: 44ms)
 GET /api/cameras 200 in 66ms (compile: 1779µs, render: 64ms)
 GET /api/thermal 200 in 351ms (compile: 4ms, render: 347ms)
 GET /api/traffic 200 in 355ms (compile: 19ms, render: 336ms)
 GET /api/mta 200 in 1314ms (compile: 24ms, render: 1289ms)
 GET /api/air-quality 200 in 1701ms (compile: 21ms, render: 1680ms)
 GET /api/thermal 200 in 2.6s (compile: 15ms, render: 2.6s)
 GET /api/traffic 200 in 2.7s (compile: 11ms, render: 2.7s)
 GET /api/weather 200 in 3.2s (compile: 11ms, render: 3.2s)
 GET /api/cameras 200 in 3.8s (compile: 4ms, render: 3.8s)
 GET /api/mta 200 in 4.1s (compile: 9ms, render: 4.1s)
 GET /api/thermal 200 in 323ms (compile: 8ms, render: 315ms)
 GET /api/air-quality 200 in 310ms (compile: 4ms, render: 306ms)
 GET /api/weather 200 in 320ms (compile: 3ms, render: 317ms)
 GET /api/traffic 200 in 356ms (compile: 20ms, render: 336ms)
 GET /api/mta 200 in 1337ms (compile: 5ms, render: 1332ms)
 GET /api/cameras 200 in 1701ms (compile: 16ms, render: 1686ms)
 GET /api/traffic 200 in 389ms (compile: 51ms, render: 338ms)
 GET /api/weather 200 in 326ms (compile: 4ms, render: 322ms)
 GET /api/air-quality 200 in 356ms (compile: 6ms, render: 349ms)
 GET /api/thermal 200 in 434ms (compile: 3ms, render: 431ms)
 GET /api/cameras 200 in 1155ms (compile: 33ms, render: 1121ms)
 GET /api/mta 200 in 1238ms (compile: 8ms, render: 1230ms)
 GET /api/traffic 200 in 465ms (compile: 46ms, render: 418ms)
 GET /api/thermal 200 in 523ms (compile: 130ms, render: 393ms)
 GET /api/air-quality 200 in 374ms (compile: 19ms, render: 355ms)
 GET /api/weather 200 in 415ms (compile: 49ms, render: 366ms)
 GET /api/cameras 200 in 1318ms (compile: 145ms, render: 1173ms)
 GET /api/mta 200 in 1442ms (compile: 163ms, render: 1279ms)
 GET /api/traffic 200 in 314ms (compile: 8ms, render: 306ms)
 GET /api/air-quality 200 in 326ms (compile: 8ms, render: 318ms)
 GET /api/weather 200 in 353ms (compile: 1399µs, render: 352ms)
 GET /api/thermal 200 in 456ms (compile: 3ms, render: 453ms)
 GET /api/cameras 200 in 1107ms (compile: 1155µs, render: 1105ms)
 GET /api/mta 200 in 1214ms (compile: 13ms, render: 1201ms)
 GET /api/weather 200 in 1632ms (compile: 3ms, render: 1629ms)
 GET /api/air-quality 200 in 1832ms (compile: 3ms, render: 1828ms)
 GET /api/traffic 200 in 2.0s (compile: 25ms, render: 2.0s)
 GET /api/thermal 200 in 2.2s (compile: 10ms, render: 2.2s)
 GET /api/cameras 200 in 4.0s (compile: 1007µs, render: 4.0s)
 GET /api/mta 200 in 4.1s (compile: 28ms, render: 4.1s)
 GET /api/cameras 200 in 83ms (compile: 11ms, render: 72ms)
 GET /api/thermal 200 in 70ms (compile: 1497µs, render: 69ms)
 GET /api/air-quality 200 in 84ms (compile: 3ms, render: 81ms)
 GET /api/weather 200 in 84ms (compile: 8ms, render: 77ms)
 GET /api/traffic 200 in 70ms (compile: 3ms, render: 67ms)
 GET /api/mta 200 in 1477ms (compile: 13ms, render: 1464ms)
 GET /api/weather 200 in 366ms (compile: 12ms, render: 354ms)
 GET /api/traffic 200 in 393ms (compile: 9ms, render: 384ms)
 GET /api/air-quality 200 in 436ms (compile: 14ms, render: 422ms)
 GET /api/thermal 200 in 951ms (compile: 4ms, render: 946ms)
 GET /api/cameras 200 in 1119ms (compile: 10ms, render: 1109ms)
 GET /api/mta 200 in 1269ms (compile: 6ms, render: 1263ms)
 GET /api/weather 200 in 48ms (compile: 23ms, render: 25ms)
 GET /api/air-quality 200 in 46ms (compile: 27ms, render: 19ms)
 GET /api/thermal 200 in 36ms (compile: 21ms, render: 15ms)
 GET /api/cameras 200 in 13ms (compile: 1044µs, render: 12ms)
 GET /api/traffic 200 in 326ms (compile: 9ms, render: 317ms)
 GET /api/mta 200 in 1552ms (compile: 18ms, render: 1534ms)
 GET /api/weather 200 in 353ms (compile: 18ms, render: 335ms)
 GET /api/thermal 200 in 411ms (compile: 3ms, render: 408ms)
 GET /api/traffic 200 in 382ms (compile: 65ms, render: 317ms)
 GET /api/air-quality 200 in 444ms (compile: 24ms, render: 419ms)
 GET /api/cameras 200 in 1314ms (compile: 9ms, render: 1305ms)
 GET /api/mta 200 in 1459ms (compile: 54ms, render: 1405ms)
 GET /api/traffic 200 in 2.0s (compile: 222ms, render: 1812ms)
 GET /api/air-quality 200 in 2.2s (compile: 9ms, render: 2.2s)
 GET /api/thermal 200 in 2.7s (compile: 224ms, render: 2.4s)
 GET /api/weather 200 in 2.6s (compile: 15ms, render: 2.5s)
 GET /api/cameras 200 in 3.5s (compile: 37ms, render: 3.5s)
 GET /api/mta 200 in 3.6s (compile: 231ms, render: 3.3s)
 GET /api/thermal 200 in 343ms (compile: 10ms, render: 333ms)
 GET /api/traffic 200 in 336ms (compile: 4ms, render: 332ms)
 GET /api/weather 200 in 379ms (compile: 6ms, render: 373ms)
 GET /api/air-quality 200 in 383ms (compile: 18ms, render: 365ms)
 GET /api/mta 200 in 1468ms (compile: 8ms, render: 1460ms)
 GET /api/cameras 200 in 1472ms (compile: 14ms, render: 1458ms)
 GET /api/thermal 200 in 347ms (compile: 3ms, render: 344ms)
 GET /api/traffic 200 in 360ms (compile: 10ms, render: 350ms)
 GET /api/air-quality 200 in 645ms (compile: 4ms, render: 641ms)
 GET /api/weather 200 in 651ms (compile: 1502µs, render: 650ms)
 GET /api/cameras 200 in 1253ms (compile: 1190µs, render: 1252ms)
 GET /api/mta 200 in 1352ms (compile: 22ms, render: 1330ms)
 GET /api/thermal 200 in 343ms (compile: 3ms, render: 340ms)
 GET /api/air-quality 200 in 389ms (compile: 7ms, render: 381ms)
 GET /api/weather 200 in 428ms (compile: 1895µs, render: 427ms)
 GET /api/traffic 200 in 736ms (compile: 26ms, render: 710ms)
 GET /api/cameras 200 in 1208ms (compile: 6ms, render: 1202ms)
 GET /api/mta 200 in 1330ms (compile: 34ms, render: 1296ms)
 GET /api/traffic 200 in 319ms (compile: 7ms, render: 312ms)
 GET /api/air-quality 200 in 326ms (compile: 6ms, render: 320ms)
 GET /api/weather 200 in 355ms (compile: 8ms, render: 347ms)
 GET /api/thermal 200 in 422ms (compile: 3ms, render: 419ms)
 GET /api/mta 200 in 1207ms (compile: 10ms, render: 1197ms)
 GET /api/cameras 200 in 1312ms (compile: 3ms, render: 1309ms)
 GET /api/weather 200 in 1845ms (compile: 2ms, render: 1842ms)
 GET /api/traffic 200 in 2.2s (compile: 29ms, render: 2.1s)
 GET /api/air-quality 200 in 2.4s (compile: 9ms, render: 2.4s)
 GET /api/thermal 200 in 2.5s (compile: 26ms, render: 2.5s)
 GET /api/cameras 200 in 3.7s (compile: 5ms, render: 3.7s)
 GET /api/mta 200 in 4.0s (compile: 1647µs, render: 4.0s)
 GET /api/weather 200 in 311ms (compile: 1640µs, render: 310ms)
 GET /api/thermal 200 in 395ms (compile: 6ms, render: 388ms)
 GET /api/traffic 200 in 400ms (compile: 37ms, render: 363ms)
 GET /api/air-quality 200 in 360ms (compile: 9ms, render: 351ms)
 GET /api/cameras 200 in 1133ms (compile: 33ms, render: 1100ms)
 GET /api/mta 200 in 1229ms (compile: 42ms, render: 1187ms)
 GET /api/traffic 200 in 324ms (compile: 33ms, render: 291ms)
 GET /api/air-quality 200 in 362ms (compile: 1454µs, render: 360ms)
 GET /api/thermal 200 in 481ms (compile: 6ms, render: 475ms)
 GET /api/weather 200 in 440ms (compile: 4ms, render: 437ms)
 GET /api/cameras 200 in 1260ms (compile: 28ms, render: 1232ms)
 GET /api/mta 200 in 1324ms (compile: 39ms, render: 1285ms)
 GET /api/thermal 200 in 431ms (compile: 23ms, render: 408ms)
 GET /api/traffic 200 in 474ms (compile: 79ms, render: 395ms)
 GET /api/air-quality 200 in 350ms (compile: 11ms, render: 339ms)
 GET /api/weather 200 in 415ms (compile: 3ms, render: 412ms)
 GET /api/cameras 200 in 1413ms (compile: 56ms, render: 1358ms)
 GET /api/mta 200 in 1431ms (compile: 83ms, render: 1347ms)
 GET /api/thermal 200 in 414ms (compile: 5ms, render: 409ms)
 GET /api/weather 200 in 359ms (compile: 11ms, render: 348ms)
 GET /api/air-quality 200 in 361ms (compile: 1912µs, render: 359ms)
 GET /api/traffic 200 in 436ms (compile: 14ms, render: 422ms)
 GET /api/cameras 200 in 1283ms (compile: 11ms, render: 1272ms)
 GET /api/mta 200 in 1496ms (compile: 17ms, render: 1478ms)
 GET /api/weather 200 in 1770ms (compile: 13ms, render: 1756ms)
 GET /api/thermal 200 in 2.2s (compile: 9ms, render: 2.2s)
 GET /api/traffic 200 in 2.6s (compile: 1256µs, render: 2.6s)
 GET /api/cameras 200 in 3.8s (compile: 9ms, render: 3.8s)
 GET /api/air-quality 200 in 3.8s (compile: 2ms, render: 3.8s)
 GET /api/mta 200 in 4.2s (compile: 6ms, render: 4.2s)
 GET /api/traffic 200 in 355ms (compile: 3ms, render: 351ms)
 GET /api/air-quality 200 in 328ms (compile: 16ms, render: 313ms)
 GET /api/weather 200 in 328ms (compile: 15ms, render: 314ms)
 GET /api/thermal 200 in 390ms (compile: 8ms, render: 382ms)
 GET /api/cameras 200 in 1238ms (compile: 9ms, render: 1229ms)
 GET /api/mta 200 in 1566ms (compile: 31ms, render: 1535ms)
 GET /api/thermal 200 in 372ms (compile: 28ms, render: 343ms)
 GET /api/traffic 200 in 372ms (compile: 56ms, render: 316ms)
 GET /api/air-quality 200 in 339ms (compile: 10ms, render: 329ms)
 GET /api/weather 200 in 521ms (compile: 7ms, render: 514ms)
 GET /api/cameras 200 in 1146ms (compile: 2ms, render: 1144ms)
 GET /api/mta 200 in 1309ms (compile: 18ms, render: 1291ms)
 GET /api/thermal 200 in 326ms (compile: 3ms, render: 323ms)
 GET /api/weather 200 in 309ms (compile: 33ms, render: 275ms)
 GET /api/air-quality 200 in 476ms (compile: 18ms, render: 458ms)
 GET /api/traffic 200 in 739ms (compile: 15ms, render: 723ms)
 GET /api/cameras 200 in 1178ms (compile: 40ms, render: 1138ms)
 GET /api/mta 200 in 1261ms (compile: 21ms, render: 1240ms)
 GET /api/air-quality 200 in 306ms (compile: 5ms, render: 301ms)
 GET /api/thermal 200 in 375ms (compile: 7ms, render: 368ms)
 GET /api/weather 200 in 331ms (compile: 1997µs, render: 329ms)
 GET /api/traffic 200 in 454ms (compile: 50ms, render: 404ms)
 GET /api/cameras 200 in 1232ms (compile: 4ms, render: 1228ms)
 GET /api/mta 200 in 1497ms (compile: 52ms, render: 1445ms)
 GET /api/cameras 200 in 69ms (compile: 6ms, render: 64ms)
 GET /api/air-quality 200 in 66ms (compile: 9ms, render: 57ms)
 GET /api/weather 200 in 72ms (compile: 3ms, render: 69ms)
 GET /api/traffic 200 in 2.2s (compile: 39ms, render: 2.1s)
 GET /api/thermal 200 in 2.5s (compile: 26ms, render: 2.5s)
 GET /api/mta 200 in 3.6s (compile: 1793µs, render: 3.6s)
 GET /api/traffic 200 in 293ms (compile: 17ms, render: 276ms)
 GET /api/air-quality 200 in 390ms (compile: 18ms, render: 372ms)
 GET /api/weather 200 in 402ms (compile: 21ms, render: 381ms)
 GET /api/thermal 200 in 560ms (compile: 4ms, render: 556ms)
 GET /api/cameras 200 in 1454ms (compile: 11ms, render: 1443ms)
 GET /api/mta 200 in 1552ms (compile: 24ms, render: 1528ms)
 GET /api/thermal 200 in 427ms (compile: 73ms, render: 353ms)
 GET /api/weather 200 in 317ms (compile: 1716µs, render: 315ms)
 GET /api/traffic 200 in 379ms (compile: 13ms, render: 367ms)
 GET /api/air-quality 200 in 411ms (compile: 3ms, render: 408ms)
 GET /api/cameras 200 in 1223ms (compile: 10ms, render: 1212ms)
 GET /api/mta 200 in 1334ms (compile: 20ms, render: 1314ms)
 GET /api/traffic 200 in 316ms (compile: 24ms, render: 291ms)
 GET /api/thermal 200 in 370ms (compile: 8ms, render: 362ms)
 GET /api/weather 200 in 408ms (compile: 4ms, render: 404ms)
 GET /api/air-quality 200 in 616ms (compile: 3ms, render: 613ms)
 GET /api/cameras 200 in 1252ms (compile: 13ms, render: 1238ms)
 GET /api/mta 200 in 1393ms (compile: 28ms, render: 1365ms)
 GET /api/traffic 200 in 455ms (compile: 11ms, render: 444ms)
 GET /api/thermal 200 in 470ms (compile: 17ms, render: 452ms)
 GET /api/weather 200 in 356ms (compile: 6ms, render: 349ms)
 GET /api/air-quality 200 in 370ms (compile: 1215µs, render: 369ms)
 GET /api/cameras 200 in 1075ms (compile: 1091µs, render: 1074ms)
 GET /api/mta 200 in 1716ms (compile: 20ms, render: 1695ms)
 GET /api/traffic 200 in 1830ms (compile: 16ms, render: 1814ms)
 GET /api/thermal 200 in 2.0s (compile: 15ms, render: 2.0s)
 GET /api/air-quality 200 in 302ms (compile: 1592µs, render: 301ms)
 GET /api/weather 200 in 270ms (compile: 3ms, render: 267ms)
 GET /api/cameras 200 in 1818ms (compile: 5ms, render: 1812ms)
 GET /api/mta 200 in 3.6s (compile: 6ms, render: 3.6s)
 GET /api/air-quality 200 in 33ms (compile: 7ms, render: 26ms)
 GET /api/traffic 200 in 90ms (compile: 8ms, render: 82ms)
 GET /api/weather 200 in 90ms (compile: 28ms, render: 62ms)
 GET /api/thermal 200 in 61ms (compile: 3ms, render: 58ms)
 GET /api/mta 200 in 61ms (compile: 9ms, render: 52ms)
 GET /api/cameras 200 in 60ms (compile: 18ms, render: 42ms)
 GET /api/thermal 200 in 349ms (compile: 7ms, render: 342ms)
 GET /api/traffic 200 in 313ms (compile: 6ms, render: 307ms)
 GET /api/weather 200 in 340ms (compile: 16ms, render: 324ms)
 GET /api/air-quality 200 in 386ms (compile: 24ms, render: 362ms)
 GET /api/cameras 200 in 2.4s (compile: 19ms, render: 2.4s)
 GET /api/mta 200 in 2.5s (compile: 5ms, render: 2.5s)
 GET /api/thermal 200 in 389ms (compile: 46ms, render: 343ms)
 GET /api/traffic 200 in 351ms (compile: 42ms, render: 309ms)
 GET /api/weather 200 in 363ms (compile: 7ms, render: 356ms)
 GET /api/air-quality 200 in 622ms (compile: 4ms, render: 619ms)
 GET /api/mta 200 in 1346ms (compile: 5ms, render: 1340ms)
 GET /api/cameras 200 in 998ms (compile: 838µs, render: 997ms)
[?25h
